2023-Nov-17 05:14:31 Наличие необходимых модулей php (check_php_modules): Ok
Все необходимые модули установлены
2023-Nov-17 05:14:31 Обязательные параметры PHP (check_php_settings): Fail
Ошибка! Значение max_input_vars должно быть не ниже 10000. Текущее значение: 1000
2023-Nov-17 05:14:31 Модули веб-сервера (check_security): Ok
Конфликтов не выявлено
2023-Nov-17 05:14:31 Значения переменных сервера (check_server_vars): Ok
Корректные
2023-Nov-17 05:14:32 Сохранение сессии (check_session): Ok
50% done
2023-Nov-17 05:14:32 Сохранение сессии (check_session): Ok
Успешно
2023-Nov-17 05:14:32 Параметры настройки UTF (mbstring и константа BX_UTF) (check_mbstring): Ok
Правильные. Сайт работает в UTF кодировке
2023-Nov-17 05:14:32 Служебные скрипты в корне сайта (check_install_scripts): Ok
Отсутствуют
2023-Nov-17 05:14:32 Работа с сокетами (check_socket): Ok
Connection to bitrix.test:80	Success

Успешно
2023-Nov-17 05:14:32 Выполнение агентов на cron (check_bx_crontab): Warning
Замечание. Агенты выполняются на хитах, рекомендуется перевести выполнение агентов на cron
2023-Nov-17 05:14:32 Параметры подключения к базе данных (check_dbconn_settings): Ok
Успешно
2023-Nov-17 05:14:32 Лишний вывод в файлах конфигурации (check_dbconn): Ok
Connection to bitrix.test:80	Success

Успешно
2023-Nov-17 05:14:32 Сохранение сессии без UserAgent (check_session_ua): Ok
50% done
Connection to bitrix.test:80	Success

2023-Nov-17 05:14:32 Сохранение сессии без UserAgent (check_session_ua): Ok
Connection to bitrix.test:80	Success

Успешно
2023-Nov-17 05:14:33 Настройки сайтов (check_sites): Ok
Правильные
2023-Nov-17 05:14:33 Размер стека и pcre.recursion_limit (check_pcre_recursion): Ok
Connection to bitrix.test:80	Success

Успешно
2023-Nov-17 05:14:33 Загрузка файла (check_upload): Ok
Connection to bitrix.test:80	Success

Успешно
2023-Nov-17 05:14:33 Загрузка файла больше 4Мб (check_upload_big): Ok
Connection to bitrix.test:80	Success

Успешно
2023-Nov-17 05:14:33 Загрузка файла через php://input (check_upload_raw): Ok
Connection to bitrix.test:80	Success

Успешно
2023-Nov-17 05:14:33 Передача POST запроса с большим числом параметров (check_post): Ok
Connection to bitrix.test:80	Success

Успешно
2023-Nov-17 05:14:36 Отправка почты (check_mail): Fail
Ошибка! Отправлено. Время отправки: 2.78 сек.
2023-Nov-17 05:14:36 Отправка почтового сообщения больше 64Кб (check_mail_big): Ok
Успешно
2023-Nov-17 05:14:36 Проверка на наличие неотправленных сообщений (check_mail_b_event): Ok
Успешно
2023-Nov-17 05:14:36 Внутреннее перенаправление (функция LocalRedirect) (check_localredirect): Ok
50% done
Connection to bitrix.test:80	Success

2023-Nov-17 05:14:36 Внутреннее перенаправление (функция LocalRedirect) (check_localredirect): Ok
Connection to bitrix.test:80	Success

Успешно
2023-Nov-17 05:14:37 Фактическое ограничение памяти (check_memory_limit): Ok
20% done
Connection to bitrix.test:80	Success

2023-Nov-17 05:14:37 Фактическое ограничение памяти (check_memory_limit): Ok
40% done
Connection to bitrix.test:80	Success

2023-Nov-17 05:14:37 Фактическое ограничение памяти (check_memory_limit): Ok
60% done
Connection to bitrix.test:80	Success

2023-Nov-17 05:14:37 Фактическое ограничение памяти (check_memory_limit): Ok
80% done
Connection to bitrix.test:80	Success

2023-Nov-17 05:14:37 Фактическое ограничение памяти (check_memory_limit): Ok
Connection to bitrix.test:80	Success

Не менее 256 М
2023-Nov-17 05:14:37 Работа с файлами кеша (check_cache): Ok
Успешно
2023-Nov-17 05:14:38 Доступ к серверу обновлений (check_update): Ok
Успешно
2023-Nov-17 05:14:38 HTTP авторизация (check_http_auth): Ok
Connection to bitrix.test:80	Success

Успешно
2023-Nov-17 05:14:38 Создание и запуск файла (check_exec): Ok
Connection to bitrix.test:80	Success

Успешно
2023-Nov-17 05:14:38 Функция getimagesize для swf (check_getimagesize): Ok
Успешно
2023-Nov-17 05:14:38 Версия MySQL-сервера (check_mysql_bug_version): Ok
Успешно
2023-Nov-17 05:14:39 Время на БД и веб-сервере (check_mysql_time): Ok
Успешно
2023-Nov-17 05:14:39 Режим работы MySQL (check_mysql_mode): Fail
Ошибка! innodb_strict_mode=ON, требуется OFF
2023-Nov-17 05:14:39 Кодировка соединения (check_mysql_connection_charset): Ok
character_set_connection=utf8, collation_connection=utf8_unicode_ci, character_set_results=utf8
Успешно
2023-Nov-17 05:14:39 Кодировка базы данных (check_mysql_db_charset): Ok
CHARSET=utf8mb3, COLLATION=utf8mb3_unicode_ci
Успешно
2023-Nov-17 05:14:39 Кодировки таблиц в БД (check_mysql_table_charset): Ok
Успешно
2023-Nov-17 05:14:39 Структура базы данных (check_mysql_table_structure): Ok
0% done
2023-Nov-17 05:14:39 Структура базы данных (check_mysql_table_structure): Ok
3% done
2023-Nov-17 05:14:40 Структура базы данных (check_mysql_table_structure): Ok
7% done
2023-Nov-17 05:14:40 Структура базы данных (check_mysql_table_structure): Ok
11% done
2023-Nov-17 05:14:40 Структура базы данных (check_mysql_table_structure): Ok
15% done
2023-Nov-17 05:14:41 Структура базы данных (check_mysql_table_structure): Ok
19% done
2023-Nov-17 05:14:42 Структура базы данных (check_mysql_table_structure): Ok
23% done
2023-Nov-17 05:14:42 Структура базы данных (check_mysql_table_structure): Ok
26% done
2023-Nov-17 05:14:43 Структура базы данных (check_mysql_table_structure): Ok
30% done
2023-Nov-17 05:14:44 Структура базы данных (check_mysql_table_structure): Ok
34% done
2023-Nov-17 05:14:44 Структура базы данных (check_mysql_table_structure): Ok
38% done
2023-Nov-17 05:14:46 Структура базы данных (check_mysql_table_structure): Ok
42% done
2023-Nov-17 05:14:46 Структура базы данных (check_mysql_table_structure): Ok
46% done
2023-Nov-17 05:14:47 Структура базы данных (check_mysql_table_structure): Ok
50% done
2023-Nov-17 05:14:47 Структура базы данных (check_mysql_table_structure): Ok
53% done
2023-Nov-17 05:14:48 Структура базы данных (check_mysql_table_structure): Ok
57% done
